<?xml version="1.0" encoding="UTF-8"?>
<!-- Generated by org.testng.reporters.JUnitReportReporter -->
<testsuite skipped="0" hostname="Golam-PC2" name="RestAssuredAPITesting.TC001_GET_Request" tests="1" failures="0" timestamp="2019-12-28T17:13:26 EST" time="4.561" errors="0">
  <testcase name="getweatherDetails" time="4.561" classname="RestAssuredAPITesting.TC001_GET_Request"/>
</testsuite> <!-- RestAssuredAPITesting.TC001_GET_Request -->
