<?xml version="1.0" encoding="UTF-8"?>
<!-- Generated by org.testng.reporters.JUnitReportReporter -->
<testsuite skipped="0" hostname="Golam-PC2" name="RestAssuredAPITesting.TC003_GET_Request" tests="1" failures="0" timestamp="2019-12-26T06:28:07 EST" time="4.310" errors="0">
  <testcase name="googleMapTest" time="4.310" classname="RestAssuredAPITesting.TC003_GET_Request"/>
</testsuite> <!-- RestAssuredAPITesting.TC003_GET_Request -->
