<?xml version="1.0" encoding="UTF-8"?>
<!-- Generated by org.testng.reporters.JUnitReportReporter -->
<testsuite skipped="0" hostname="Golam-PC2" name="RestAssuredAPITesting.Demo4_GET_Request_PrintAllHeaders" tests="1" failures="0" timestamp="2019-12-24T19:10:00 EST" time="7.303" errors="0">
  <testcase name="googleMapTest" time="7.303" classname="RestAssuredAPITesting.Demo4_GET_Request_PrintAllHeaders"/>
</testsuite> <!-- RestAssuredAPITesting.Demo4_GET_Request_PrintAllHeaders -->
