<?xml version="1.0" encoding="UTF-8"?>
<!-- Generated by org.testng.reporters.JUnitReportReporter -->
<testsuite skipped="0" hostname="Golam-PC2" name="DataDrivenTesting.DataDriveTest_AddNewEmployees" tests="2" failures="0" timestamp="2019-12-26T18:00:47 EST" time="5.392" errors="0">
  <testcase name="postNewEmployees" time="0.210" classname="DataDrivenTesting.DataDriveTest_AddNewEmployees"/>
  <testcase name="postNewEmployees" time="5.182" classname="DataDrivenTesting.DataDriveTest_AddNewEmployees"/>
</testsuite> <!-- DataDrivenTesting.DataDriveTest_AddNewEmployees -->
