<?xml version="1.0" encoding="UTF-8"?>
<!-- Generated by org.testng.reporters.JUnitReportReporter -->
<testsuite skipped="0" hostname="Golam-PC2" name="RestAssuredAPITesting.TC005_GET_ValidatingJSONResponse" tests="1" failures="0" timestamp="2019-12-24T20:08:57 EST" time="6.483" errors="0">
  <testcase name="getWeatherDetails" time="6.483" classname="RestAssuredAPITesting.TC005_GET_ValidatingJSONResponse"/>
</testsuite> <!-- RestAssuredAPITesting.TC005_GET_ValidatingJSONResponse -->
