<?xml version="1.0" encoding="UTF-8"?>
<!-- Generated by org.testng.reporters.JUnitReportReporter -->
<testsuite skipped="0" hostname="Golam-PC2" name="RestAssuredAPITesting.TC007_GET_Authorization" tests="1" failures="0" timestamp="2019-12-24T20:55:16 EST" time="6.668" errors="0">
  <testcase name="authorizationTest" time="6.668" classname="RestAssuredAPITesting.TC007_GET_Authorization"/>
</testsuite> <!-- RestAssuredAPITesting.TC007_GET_Authorization -->
