<?xml version="1.0" encoding="UTF-8"?>
<!-- Generated by org.testng.reporters.JUnitReportReporter -->
<testsuite skipped="0" hostname="Golam-PC2" name="RestAssuredAPITesting.TC002_POST_Request" tests="1" failures="0" timestamp="2019-12-25T11:29:45 EST" time="5.628" errors="0">
  <testcase name="registrationSuccessful" time="5.628" classname="RestAssuredAPITesting.TC002_POST_Request"/>
</testsuite> <!-- RestAssuredAPITesting.TC002_POST_Request -->
