<?xml version="1.0" encoding="UTF-8"?>
<!-- Generated by org.testng.reporters.JUnitReportReporter -->
<testsuite skipped="0" hostname="Golam-PC2" name="RestAssuredAPITesting.TC006_GET_ExtractValuesOfEachNodeInJSON" tests="1" failures="0" timestamp="2019-12-24T20:25:05 EST" time="6.695" errors="0">
  <testcase name="getValuesOfAllNodes" time="6.695" classname="RestAssuredAPITesting.TC006_GET_ExtractValuesOfEachNodeInJSON"/>
</testsuite> <!-- RestAssuredAPITesting.TC006_GET_ExtractValuesOfEachNodeInJSON -->
